Flow report for VGA_controller
Thu Jun 27 22:05:36 2024
Quartus Prime Version 17.1.0 Build 590 10/25/2017 SJ Lite Edition


---------------------
; Table of Contents ;
---------------------
  1. Legal Notice
  2. Flow Summary
  3. Flow Settings
  4. Flow Non-Default Global Settings
  5. Flow Elapsed Time
  6. Flow OS Summary
  7. Flow Log
  8. Flow Messages
  9. Flow Suppressed Messages



----------------
; Legal Notice ;
----------------
Copyright (C) 2017  Intel Corporation. All rights reserved.
Your use of Intel Corporation's design tools, logic functions 
and other software and tools, and its AMPP partner logic 
functions, and any output files from any of the foregoing 
(including device programming or simulation files), and any 
associated documentation or information are expressly subject 
to the terms and conditions of the Intel Program License 
Subscription Agreement, the Intel Quartus Prime License Agreement,
the Intel FPGA IP License Agreement, or other applicable license
agreement, including, without limitation, that your use is for
the sole purpose of programming logic devices manufactured by
Intel and sold by Intel or its authorized distributors.  Please
refer to the applicable agreement for further details.



+----------------------------------------------------------------------------------+
; Flow Summary                                                                     ;
+------------------------------------+---------------------------------------------+
; Flow Status                        ; Successful - Thu Jun 27 22:05:36 2024       ;
; Quartus Prime Version              ; 17.1.0 Build 590 10/25/2017 SJ Lite Edition ;
; Revision Name                      ; VGA_controller                              ;
; Top-level Entity Name              ; top_level                                   ;
; Family                             ; MAX 10                                      ;
; Device                             ; 10M50DAF484C7G                              ;
; Timing Models                      ; Final                                       ;
; Total logic elements               ; 968 / 49,760 ( 2 % )                        ;
;     Total combinational functions  ; 966 / 49,760 ( 2 % )                        ;
;     Dedicated logic registers      ; 373 / 49,760 ( < 1 % )                      ;
; Total registers                    ; 373                                         ;
; Total pins                         ; 19 / 360 ( 5 % )                            ;
; Total virtual pins                 ; 0                                           ;
; Total memory bits                  ; 0 / 1,677,312 ( 0 % )                       ;
; Embedded Multiplier 9-bit elements ; 0 / 288 ( 0 % )                             ;
; Total PLLs                         ; 1 / 4 ( 25 % )                              ;
; UFM blocks                         ; 0 / 1 ( 0 % )                               ;
; ADC blocks                         ; 0 / 2 ( 0 % )                               ;
+------------------------------------+---------------------------------------------+


+-----------------------------------------+
; Flow Settings                           ;
+-------------------+---------------------+
; Option            ; Setting             ;
+-------------------+---------------------+
; Start date & time ; 06/27/2024 22:04:57 ;
; Main task         ; Compilation         ;
; Revision Name     ; VGA_controller      ;
+-------------------+---------------------+


+----------------------------------------------------------------------------------------------------------------------------------+
; Flow Non-Default Global Settings                                                                                                 ;
+--------------------------------------+----------------------------------------+----------------+-------------+-------------------+
; Assignment Name                      ; Value                                  ; Default Value  ; Entity Name ; Section Id        ;
+--------------------------------------+----------------------------------------+----------------+-------------+-------------------+
; COMPILER_SIGNATURE_ID                ; 10995770589199.171951869602456         ; --             ; --          ; --                ;
; EDA_DESIGN_INSTANCE_NAME             ; NA                                     ; --             ; --          ; tb_sync           ;
; EDA_DESIGN_INSTANCE_NAME             ; NA                                     ; --             ; --          ; tb_vga_controller ;
; EDA_DESIGN_INSTANCE_NAME             ; NA                                     ; --             ; --          ; tb_hsync          ;
; EDA_NATIVELINK_SIMULATION_TEST_BENCH ; tb_vga_controller                      ; --             ; --          ; eda_simulation    ;
; EDA_OUTPUT_DATA_FORMAT               ; Vhdl                                   ; --             ; --          ; eda_simulation    ;
; EDA_SIMULATION_TOOL                  ; ModelSim-Altera (VHDL)                 ; <None>         ; --          ; --                ;
; EDA_TEST_BENCH_ENABLE_STATUS         ; TEST_BENCH_MODE                        ; --             ; --          ; eda_simulation    ;
; EDA_TEST_BENCH_FILE                  ; simulation/modelsim/vsync.vht          ; --             ; --          ; tb_sync           ;
; EDA_TEST_BENCH_FILE                  ; simulation/modelsim/vga_controller.vht ; --             ; --          ; tb_vga_controller ;
; EDA_TEST_BENCH_FILE                  ; simulation/modelsim/hsync.vht          ; --             ; --          ; tb_hsync          ;
; EDA_TEST_BENCH_MODULE_NAME           ; tb_sync                                ; --             ; --          ; tb_sync           ;
; EDA_TEST_BENCH_MODULE_NAME           ; vga_controller_vhd_tst                 ; --             ; --          ; tb_vga_controller ;
; EDA_TEST_BENCH_MODULE_NAME           ; hsync_vhd_tst                          ; --             ; --          ; tb_hsync          ;
; EDA_TEST_BENCH_NAME                  ; tb_hsync                               ; --             ; --          ; eda_simulation    ;
; EDA_TEST_BENCH_NAME                  ; tb_sync                                ; --             ; --          ; eda_simulation    ;
; EDA_TEST_BENCH_NAME                  ; tb_vga_controller                      ; --             ; --          ; eda_simulation    ;
; EDA_TIME_SCALE                       ; 1 ps                                   ; --             ; --          ; eda_simulation    ;
; MAX_CORE_JUNCTION_TEMP               ; 85                                     ; --             ; --          ; --                ;
; MIN_CORE_JUNCTION_TEMP               ; 0                                      ; --             ; --          ; --                ;
; MISC_FILE                            ; PLL.cmp                                ; --             ; --          ; --                ;
; MISC_FILE                            ; PLL.ppf                                ; --             ; --          ; --                ;
; PARTITION_COLOR                      ; -- (Not supported for targeted family) ; --             ; top_level   ; Top               ;
; PARTITION_FITTER_PRESERVATION_LEVEL  ; -- (Not supported for targeted family) ; --             ; top_level   ; Top               ;
; PARTITION_NETLIST_TYPE               ; -- (Not supported for targeted family) ; --             ; top_level   ; Top               ;
; POWER_BOARD_THERMAL_MODEL            ; None (CONSERVATIVE)                    ; --             ; --          ; --                ;
; POWER_PRESET_COOLING_SOLUTION        ; 23 MM HEAT SINK WITH 200 LFPM AIRFLOW  ; --             ; --          ; --                ;
; PROJECT_OUTPUT_DIRECTORY             ; output_files                           ; --             ; --          ; --                ;
; TOP_LEVEL_ENTITY                     ; top_level                              ; VGA_controller ; --          ; --                ;
+--------------------------------------+----------------------------------------+----------------+-------------+-------------------+


+-------------------------------------------------------------------------------------------------------------------------------+
; Flow Elapsed Time                                                                                                             ;
+---------------------------+--------------+-------------------------+---------------------+------------------------------------+
; Module Name               ; Elapsed Time ; Average Processors Used ; Peak Virtual Memory ; Total CPU Time (on all processors) ;
+---------------------------+--------------+-------------------------+---------------------+------------------------------------+
; Analysis & Synthesis      ; 00:00:13     ; 1.0                     ; 4809 MB             ; 00:00:08                           ;
; Fitter                    ; 00:00:14     ; 1.2                     ; 5657 MB             ; 00:00:07                           ;
; Assembler                 ; 00:00:04     ; 1.0                     ; 4689 MB             ; 00:00:02                           ;
; TimeQuest Timing Analyzer ; 00:00:03     ; 1.4                     ; 4828 MB             ; 00:00:02                           ;
; EDA Netlist Writer        ; 00:00:01     ; 1.0                     ; 4655 MB             ; 00:00:01                           ;
; Total                     ; 00:00:35     ; --                      ; --                  ; 00:00:20                           ;
+---------------------------+--------------+-------------------------+---------------------+------------------------------------+


+-----------------------------------------------------------------------------------------+
; Flow OS Summary                                                                         ;
+---------------------------+------------------+------------+------------+----------------+
; Module Name               ; Machine Hostname ; OS Name    ; OS Version ; Processor type ;
+---------------------------+------------------+------------+------------+----------------+
; Analysis & Synthesis      ; DESKTOP-FH4MGCP  ; Windows 10 ; 10.0       ; x86_64         ;
; Fitter                    ; DESKTOP-FH4MGCP  ; Windows 10 ; 10.0       ; x86_64         ;
; Assembler                 ; DESKTOP-FH4MGCP  ; Windows 10 ; 10.0       ; x86_64         ;
; TimeQuest Timing Analyzer ; DESKTOP-FH4MGCP  ; Windows 10 ; 10.0       ; x86_64         ;
; EDA Netlist Writer        ; DESKTOP-FH4MGCP  ; Windows 10 ; 10.0       ; x86_64         ;
+---------------------------+------------------+------------+------------+----------------+


------------
; Flow Log ;
------------
quartus_map --read_settings_files=on --write_settings_files=off VGA_controller -c VGA_controller
quartus_fit --read_settings_files=off --write_settings_files=off VGA_controller -c VGA_controller
quartus_asm --read_settings_files=off --write_settings_files=off VGA_controller -c VGA_controller
quartus_sta VGA_controller -c VGA_controller
quartus_eda --read_settings_files=off --write_settings_files=off VGA_controller -c VGA_controller



